Analysis & Synthesis report for mjl_stratix
Fri May 28 14:25:21 2010
Quartus II Version 9.1 Build 222 10/21/2009 SJ Full Version


---------------------
; Table of Contents ;
---------------------
  1. Legal Notice
  2. Analysis & Synthesis Summary
  3. Analysis & Synthesis Settings
  4. Parallel Compilation
  5. Analysis & Synthesis Messages



----------------
; Legal Notice ;
----------------
Copyright (C) 1991-2009 Altera Corporation
Your use of Altera Corporation's design tools, logic functions 
and other software and tools, and its AMPP partner logic 
functions, and any output files from any of the foregoing 
(including device programming or simulation files), and any 
associated documentation or information are expressly subject 
to the terms and conditions of the Altera Program License 
Subscription Agreement, Altera MegaCore Function License 
Agreement, or other applicable license agreement, including, 
without limitation, that your use is for the sole purpose of 
programming logic devices manufactured by Altera and sold by 
Altera or its authorized distributors.  Please refer to the 
applicable agreement for further details.



+------------------------------------------------------------------------+
; Analysis & Synthesis Summary                                           ;
+-----------------------------+------------------------------------------+
; Analysis & Synthesis Status ; Failed - Fri May 28 14:25:21 2010        ;
; Quartus II Version          ; 9.1 Build 222 10/21/2009 SJ Full Version ;
; Revision Name               ; mjl_stratix                              ;
; Top-level Entity Name       ; calc_top                                 ;
; Family                      ; Stratix                                  ;
; Total logic elements        ; N/A until Partition Merge                ;
; Total pins                  ; N/A until Partition Merge                ;
; Total virtual pins          ; N/A until Partition Merge                ;
; Total memory bits           ; N/A until Partition Merge                ;
; DSP block 9-bit elements    ; N/A until Partition Merge                ;
; Total PLLs                  ; N/A until Partition Merge                ;
; Total DLLs                  ; N/A until Partition Merge                ;
+-----------------------------+------------------------------------------+


+----------------------------------------------------------------------------------------------------------------------+
; Analysis & Synthesis Settings                                                                                        ;
+----------------------------------------------------------------------------+--------------------+--------------------+
; Option                                                                     ; Setting            ; Default Value      ;
+----------------------------------------------------------------------------+--------------------+--------------------+
; Device                                                                     ; EP1S25F672C6       ;                    ;
; Top-level entity name                                                      ; calc_top           ; mjl_stratix        ;
; Family name                                                                ; Stratix            ; Stratix II         ;
; Use Generated Physical Constraints File                                    ; Off                ;                    ;
; Use smart compilation                                                      ; Off                ; Off                ;
; Enable parallel Assembler and TimeQuest Timing Analyzer during compilation ; On                 ; On                 ;
; Enable compact report table                                                ; Off                ; Off                ;
; Restructure Multiplexers                                                   ; Auto               ; Auto               ;
; Create Debugging Nodes for IP Cores                                        ; Off                ; Off                ;
; Preserve fewer node names                                                  ; On                 ; On                 ;
; Disable OpenCore Plus hardware evaluation                                  ; Off                ; Off                ;
; Verilog Version                                                            ; Verilog_2001       ; Verilog_2001       ;
; VHDL Version                                                               ; VHDL_1993          ; VHDL_1993          ;
; State Machine Processing                                                   ; Auto               ; Auto               ;
; Safe State Machine                                                         ; Off                ; Off                ;
; Extract Verilog State Machines                                             ; On                 ; On                 ;
; Extract VHDL State Machines                                                ; On                 ; On                 ;
; Ignore Verilog initial constructs                                          ; Off                ; Off                ;
; Iteration limit for constant Verilog loops                                 ; 5000               ; 5000               ;
; Iteration limit for non-constant Verilog loops                             ; 250                ; 250                ;
; Add Pass-Through Logic to Inferred RAMs                                    ; On                 ; On                 ;
; Parallel Synthesis                                                         ; On                 ; On                 ;
; DSP Block Balancing                                                        ; Auto               ; Auto               ;
; NOT Gate Push-Back                                                         ; On                 ; On                 ;
; Power-Up Don't Care                                                        ; On                 ; On                 ;
; Remove Redundant Logic Cells                                               ; Off                ; Off                ;
; Remove Duplicate Registers                                                 ; On                 ; On                 ;
; Ignore CARRY Buffers                                                       ; Off                ; Off                ;
; Ignore CASCADE Buffers                                                     ; Off                ; Off                ;
; Ignore GLOBAL Buffers                                                      ; Off                ; Off                ;
; Ignore ROW GLOBAL Buffers                                                  ; Off                ; Off                ;
; Ignore LCELL Buffers                                                       ; Off                ; Off                ;
; Ignore SOFT Buffers                                                        ; On                 ; On                 ;
; Limit AHDL Integers to 32 Bits                                             ; Off                ; Off                ;
; Optimization Technique                                                     ; Balanced           ; Balanced           ;
; Carry Chain Length                                                         ; 70                 ; 70                 ;
; Auto Carry Chains                                                          ; On                 ; On                 ;
; Auto Open-Drain Pins                                                       ; On                 ; On                 ;
; Perform WYSIWYG Primitive Resynthesis                                      ; Off                ; Off                ;
; Auto ROM Replacement                                                       ; On                 ; On                 ;
; Auto RAM Replacement                                                       ; On                 ; On                 ;
; Auto DSP Block Replacement                                                 ; On                 ; On                 ;
; Auto Shift Register Replacement                                            ; Auto               ; Auto               ;
; Auto Clock Enable Replacement                                              ; On                 ; On                 ;
; Strict RAM Replacement                                                     ; Off                ; Off                ;
; Allow Synchronous Control Signals                                          ; On                 ; On                 ;
; Force Use of Synchronous Clear Signals                                     ; Off                ; Off                ;
; Auto RAM Block Balancing                                                   ; On                 ; On                 ;
; Auto RAM to Logic Cell Conversion                                          ; Off                ; Off                ;
; Auto Resource Sharing                                                      ; Off                ; Off                ;
; Allow Any RAM Size For Recognition                                         ; Off                ; Off                ;
; Allow Any ROM Size For Recognition                                         ; Off                ; Off                ;
; Allow Any Shift Register Size For Recognition                              ; Off                ; Off                ;
; Use LogicLock Constraints during Resource Balancing                        ; On                 ; On                 ;
; Ignore translate_off and synthesis_off directives                          ; Off                ; Off                ;
; Show Parameter Settings Tables in Synthesis Report                         ; On                 ; On                 ;
; Ignore Maximum Fan-Out Assignments                                         ; Off                ; Off                ;
; Synchronization Register Chain Length                                      ; 2                  ; 2                  ;
; PowerPlay Power Optimization                                               ; Normal compilation ; Normal compilation ;
; HDL message level                                                          ; Level2             ; Level2             ;
; Suppress Register Optimization Related Messages                            ; Off                ; Off                ;
; Number of Removed Registers Reported in Synthesis Report                   ; 100                ; 100                ;
; Number of Inverted Registers Reported in Synthesis Report                  ; 100                ; 100                ;
; Clock MUX Protection                                                       ; On                 ; On                 ;
; Block Design Naming                                                        ; Auto               ; Auto               ;
; Synthesis Effort                                                           ; Auto               ; Auto               ;
; Shift Register Replacement - Allow Asynchronous Clear Signal               ; On                 ; On                 ;
; Analysis & Synthesis Message Level                                         ; Medium             ; Medium             ;
; Disable Register Merging Across Hierarchies                                ; Auto               ; Auto               ;
; Resource Aware Inference For Block RAM                                     ; On                 ; On                 ;
+----------------------------------------------------------------------------+--------------------+--------------------+


+------------------------------------------+
; Parallel Compilation                     ;
+----------------------------+-------------+
; Processors                 ; Number      ;
+----------------------------+-------------+
; Number detected on machine ; 2           ;
; Maximum allowed            ; 2           ;
;                            ;             ;
; Average used               ; 1.00        ;
; Maximum used               ; 1           ;
;                            ;             ;
; Usage by Processor         ; % Time Used ;
;     1 processor            ; 100.0%      ;
;     2 processors           ;   0.0%      ;
+----------------------------+-------------+


+-------------------------------+
; Analysis & Synthesis Messages ;
+-------------------------------+
Info: *******************************************************************
Info: Running Quartus II Analysis & Synthesis
    Info: Version 9.1 Build 222 10/21/2009 SJ Full Version
    Info: Processing started: Fri May 28 14:25:17 2010
Info: Command: quartus_map --read_settings_files=on --write_settings_files=off mjl_stratix -c mjl_stratix
Info: Parallel compilation is enabled and will use 2 of the 2 processors detected
Info: Found 1 design units, including 0 entities, in source file /homes/a0725146/Desktop/Git/our_calc/mycalc/src/alu/alu_top_struct.vhd
    Info: Found design unit 1: alu_top-struct
Info: Found 1 design units, including 1 entities, in source file /homes/a0725146/Desktop/Git/our_calc/mycalc/src/alu/alu_div_ent.vhd
    Info: Found entity 1: alu_div_ent
Info: Found 1 design units, including 0 entities, in source file /homes/a0725146/Desktop/Git/our_calc/mycalc/src/alu/alu_fsm_arc.vhd
    Info: Found design unit 1: alu_fsm_ent-alu_fsm
Info: Found 1 design units, including 1 entities, in source file /homes/a0725146/Desktop/Git/our_calc/mycalc/src/alu/alu_fsm_ent.vhd
    Info: Found entity 1: alu_fsm_ent
Info: Found 1 design units, including 0 entities, in source file /homes/a0725146/Desktop/Git/our_calc/mycalc/src/alu/alu_pkg.vhd
    Info: Found design unit 1: alu_pkg
Info: Found 1 design units, including 1 entities, in source file /homes/a0725146/Desktop/Git/our_calc/mycalc/src/alu/alu_top.vhd
    Info: Found entity 1: alu_top
Info: Found 1 design units, including 0 entities, in source file /homes/a0725146/Desktop/Git/our_calc/mycalc/src/alu/alu_div_arc.vhd
    Info: Found design unit 1: alu_div_ent-alu_div
Info: Found 1 design units, including 0 entities, in source file /homes/a0725146/Desktop/Git/our_calc/mycalc/src/parser/parser_top_struct.vhd
    Info: Found design unit 1: parser_top-struct
Info: Found 1 design units, including 1 entities, in source file /homes/a0725146/Desktop/Git/our_calc/mycalc/src/parser/b2bcd_ent.vhd
    Info: Found entity 1: b2bcd_ent
Info: Found 1 design units, including 0 entities, in source file /homes/a0725146/Desktop/Git/our_calc/mycalc/src/parser/char_unit_arc.vhd
    Info: Found design unit 1: char_unit_ent-char_unit
Info: Found 1 design units, including 1 entities, in source file /homes/a0725146/Desktop/Git/our_calc/mycalc/src/parser/char_unit_ent.vhd
    Info: Found entity 1: char_unit_ent
Info: Found 1 design units, including 0 entities, in source file /homes/a0725146/Desktop/Git/our_calc/mycalc/src/parser/parser_pkg.vhd
    Info: Found design unit 1: parser_pkg
Info: Found 1 design units, including 0 entities, in source file /homes/a0725146/Desktop/Git/our_calc/mycalc/src/parser/parser_sm_arc.vhd
    Info: Found design unit 1: parser_sm_ent-parser_sm
Info: Found 1 design units, including 1 entities, in source file /homes/a0725146/Desktop/Git/our_calc/mycalc/src/parser/parser_sm_ent.vhd
    Info: Found entity 1: parser_sm_ent
Info: Found 1 design units, including 1 entities, in source file /homes/a0725146/Desktop/Git/our_calc/mycalc/src/parser/parser_top.vhd
    Info: Found entity 1: parser_top
Info: Found 1 design units, including 0 entities, in source file /homes/a0725146/Desktop/Git/our_calc/mycalc/src/parser/b2bcd_arc.vhd
    Info: Found design unit 1: b2bcd_ent-b2bcd
Info: Found 2 design units, including 1 entities, in source file /homes/a0725146/Desktop/Git/our_calc/mycalc/src/RS232/RS232.vhd
    Info: Found design unit 1: RS232_ent-RS232_arc
    Info: Found entity 1: RS232_ent
Info: Found 1 design units, including 0 entities, in source file /homes/a0725146/Desktop/Git/our_calc/mycalc/src/RS232/rs232_pkg.vhd
    Info: Found design unit 1: rs232_pkg
Info: Found 2 design units, including 1 entities, in source file /homes/a0725146/Desktop/Git/our_calc/mycalc/src/Serial_Handler/Serial_Handler.vhd
    Info: Found design unit 1: Serial_Handler_ent-Serial_Handler_arc
    Info: Found entity 1: Serial_Handler_ent
Info: Found 1 design units, including 0 entities, in source file /homes/a0725146/Desktop/Git/our_calc/mycalc/src/Serial_Handler/SerialHandler_pkg.vhd
    Info: Found design unit 1: serialhandler_pkg
Info: Found 1 design units, including 0 entities, in source file /homes/a0725146/Desktop/Git/our_calc/mycalc/src/debounce/debounce_struct.vhd
    Info: Found design unit 1: debounce-struct
Info: Found 1 design units, including 1 entities, in source file /homes/a0725146/Desktop/Git/our_calc/mycalc/src/debounce/debounce_fsm.vhd
    Info: Found entity 1: debounce_fsm
Info: Found 1 design units, including 0 entities, in source file /homes/a0725146/Desktop/Git/our_calc/mycalc/src/debounce/debounce_fsm_beh.vhd
    Info: Found design unit 1: debounce_fsm-beh
Info: Found 1 design units, including 0 entities, in source file /homes/a0725146/Desktop/Git/our_calc/mycalc/src/debounce/debounce_pkg.vhd
    Info: Found design unit 1: debounce_pkg
Info: Found 1 design units, including 1 entities, in source file /homes/a0725146/Desktop/Git/our_calc/mycalc/src/debounce/debounce.vhd
    Info: Found entity 1: debounce
Info: Found 1 design units, including 1 entities, in source file /homes/a0725146/Desktop/Git/our_calc/mycalc/src/libs/counter.vhd
    Info: Found entity 1: counter
Info: Found 1 design units, including 0 entities, in source file /homes/a0725146/Desktop/Git/our_calc/mycalc/src/libs/counter_beh.vhd
    Info: Found design unit 1: counter-beh
Info: Found 1 design units, including 1 entities, in source file /homes/a0725146/Desktop/Git/our_calc/mycalc/src/libs/sync.vhd
    Info: Found entity 1: sync
Info: Found 1 design units, including 0 entities, in source file /homes/a0725146/Desktop/Git/our_calc/mycalc/src/libs/sync_beh.vhd
    Info: Found design unit 1: sync-beh
Info: Found 1 design units, including 0 entities, in source file /homes/a0725146/Desktop/Git/our_calc/mycalc/src/libs/sync_pkg.vhd
    Info: Found design unit 1: sync_pkg
Info: Found 1 design units, including 0 entities, in source file /homes/a0725146/Desktop/Git/our_calc/mycalc/src/ip/textmode_vga/src/mjl_stratix/textmode_vga_platform_dependent_pkg.vhd
    Info: Found design unit 1: textmode_vga_platform_dependent_pkg
Info: Found 1 design units, including 0 entities, in source file /homes/a0725146/Desktop/Git/our_calc/mycalc/src/ip/textmode_vga/src/video_memory_beh.vhd
    Info: Found design unit 1: video_memory-beh
Info: Found 1 design units, including 0 entities, in source file /homes/a0725146/Desktop/Git/our_calc/mycalc/src/ip/textmode_vga/src/console_sm_beh.vhd
    Info: Found design unit 1: console_sm-beh
Info: Found 1 design units, including 1 entities, in source file /homes/a0725146/Desktop/Git/our_calc/mycalc/src/ip/textmode_vga/src/console_sm_sync.vhd
    Info: Found entity 1: console_sm_sync
Info: Found 1 design units, including 0 entities, in source file /homes/a0725146/Desktop/Git/our_calc/mycalc/src/ip/textmode_vga/src/console_sm_sync_beh.vhd
    Info: Found design unit 1: console_sm_sync-beh
Info: Found 1 design units, including 0 entities, in source file /homes/a0725146/Desktop/Git/our_calc/mycalc/src/ip/textmode_vga/src/font_pkg.vhd
    Info: Found design unit 1: font_pkg
Info: Found 1 design units, including 1 entities, in source file /homes/a0725146/Desktop/Git/our_calc/mycalc/src/ip/textmode_vga/src/font_rom.vhd
    Info: Found entity 1: font_rom
Info: Found 1 design units, including 0 entities, in source file /homes/a0725146/Desktop/Git/our_calc/mycalc/src/ip/textmode_vga/src/font_rom_beh.vhd
    Info: Found design unit 1: font_rom-beh
Info: Found 1 design units, including 1 entities, in source file /homes/a0725146/Desktop/Git/our_calc/mycalc/src/ip/textmode_vga/src/interval.vhd
    Info: Found entity 1: interval
Info: Found 1 design units, including 0 entities, in source file /homes/a0725146/Desktop/Git/our_calc/mycalc/src/ip/textmode_vga/src/interval_beh.vhd
    Info: Found design unit 1: interval-beh
Info: Found 1 design units, including 1 entities, in source file /homes/a0725146/Desktop/Git/our_calc/mycalc/src/ip/textmode_vga/src/textmode_vga.vhd
    Info: Found entity 1: textmode_vga
Info: Found 1 design units, including 0 entities, in source file /homes/a0725146/Desktop/Git/our_calc/mycalc/src/ip/textmode_vga/src/textmode_vga_component_pkg.vhd
    Info: Found design unit 1: textmode_vga_component_pkg
Info: Found 1 design units, including 1 entities, in source file /homes/a0725146/Desktop/Git/our_calc/mycalc/src/ip/textmode_vga/src/textmode_vga_h_sm.vhd
    Info: Found entity 1: textmode_vga_h_sm
Info: Found 1 design units, including 0 entities, in source file /homes/a0725146/Desktop/Git/our_calc/mycalc/src/ip/textmode_vga/src/textmode_vga_h_sm_beh.vhd
    Info: Found design unit 1: textmode_vga_h_sm-beh
Info: Found 1 design units, including 0 entities, in source file /homes/a0725146/Desktop/Git/our_calc/mycalc/src/ip/textmode_vga/src/textmode_vga_pkg.vhd
    Info: Found design unit 1: textmode_vga_pkg
Info: Found 1 design units, including 0 entities, in source file /homes/a0725146/Desktop/Git/our_calc/mycalc/src/ip/textmode_vga/src/textmode_vga_struct.vhd
    Info: Found design unit 1: textmode_vga-struct
Info: Found 1 design units, including 1 entities, in source file /homes/a0725146/Desktop/Git/our_calc/mycalc/src/ip/textmode_vga/src/textmode_vga_v_sm.vhd
    Info: Found entity 1: textmode_vga_v_sm
Info: Found 1 design units, including 0 entities, in source file /homes/a0725146/Desktop/Git/our_calc/mycalc/src/ip/textmode_vga/src/textmode_vga_v_sm_beh.vhd
    Info: Found design unit 1: textmode_vga_v_sm-beh
Info: Found 1 design units, including 1 entities, in source file /homes/a0725146/Desktop/Git/our_calc/mycalc/src/ip/textmode_vga/src/video_memory.vhd
    Info: Found entity 1: video_memory
Info: Found 1 design units, including 1 entities, in source file /homes/a0725146/Desktop/Git/our_calc/mycalc/src/ip/textmode_vga/src/console_sm.vhd
    Info: Found entity 1: console_sm
Info: Found 1 design units, including 0 entities, in source file /homes/a0725146/Desktop/Git/our_calc/mycalc/src/ip/ps2/src/ps2_transceiver_pkg.vhd
    Info: Found design unit 1: ps2_transceiver_pkg
Info: Found 1 design units, including 0 entities, in source file /homes/a0725146/Desktop/Git/our_calc/mycalc/src/ip/ps2/src/ps2_keyboard_controller_beh.vhd
    Info: Found design unit 1: ps2_keyboard_controller-beh
Info: Found 1 design units, including 0 entities, in source file /homes/a0725146/Desktop/Git/our_calc/mycalc/src/ip/ps2/src/ps2_keyboard_controller_pkg.vhd
    Info: Found design unit 1: ps2_keyboard_controller_pkg
Info: Found 1 design units, including 1 entities, in source file /homes/a0725146/Desktop/Git/our_calc/mycalc/src/ip/ps2/src/ps2_transceiver.vhd
    Info: Found entity 1: ps2_transceiver
Info: Found 1 design units, including 0 entities, in source file /homes/a0725146/Desktop/Git/our_calc/mycalc/src/ip/ps2/src/ps2_transceiver_beh.vhd
    Info: Found design unit 1: ps2_transceiver-beh
Info: Found 1 design units, including 1 entities, in source file /homes/a0725146/Desktop/Git/our_calc/mycalc/src/ip/ps2/src/ps2_keyboard_controller.vhd
    Info: Found entity 1: ps2_keyboard_controller
Info: Found 2 design units, including 1 entities, in source file /homes/a0725146/Desktop/Git/our_calc/mycalc/src/ip/pll/pll.vhd
    Info: Found design unit 1: pll-SYN
    Info: Found entity 1: pll
Info: Found 1 design units, including 0 entities, in source file /homes/a0725146/Desktop/Git/our_calc/mycalc/src/ringbuffer/ringbuffer_pkg.vhd
    Info: Found design unit 1: ringbuffer_pkg
Info: Found 2 design units, including 1 entities, in source file /homes/a0725146/Desktop/Git/our_calc/mycalc/src/ringbuffer/ringbuffer.vhd
    Info: Found design unit 1: ringbuffer_ent-ringbuffer_arc
    Info: Found entity 1: ringbuffer_ent
Info: Found 1 design units, including 0 entities, in source file /homes/a0725146/Desktop/Git/our_calc/mycalc/src/output/output_pkg.vhd
    Info: Found design unit 1: output_pkg
Info: Found 2 design units, including 1 entities, in source file /homes/a0725146/Desktop/Git/our_calc/mycalc/src/output/output.vhd
    Info: Found design unit 1: output_ent-output_arc
    Info: Found entity 1: output_ent
Info: Found 1 design units, including 0 entities, in source file /homes/a0725146/Desktop/Git/our_calc/mycalc/src/input/input_pkg.vhd
    Info: Found design unit 1: input_pkg
Info: Found 2 design units, including 1 entities, in source file /homes/a0725146/Desktop/Git/our_calc/mycalc/src/input/input.vhd
    Info: Found design unit 1: input_ent-input_arc
    Info: Found entity 1: input_ent
Info: Found 2 design units, including 0 entities, in source file /homes/a0725146/Desktop/Git/our_calc/mycalc/src/math_pkg.vhd
    Info: Found design unit 1: math_pkg
    Info: Found design unit 2: math_pkg-body
Info: Found 1 design units, including 0 entities, in source file /homes/a0725146/Desktop/Git/our_calc/mycalc/src/big_bug.vhd
    Info: Found design unit 1: big_pkg
Info: Found 1 design units, including 1 entities, in source file /homes/a0725146/Desktop/Git/our_calc/mycalc/src/calc_top.vhd
    Info: Found entity 1: calc_top
Info: Found 1 design units, including 0 entities, in source file /homes/a0725146/Desktop/Git/our_calc/mycalc/src/calc_top_struct.vhd
    Info: Found design unit 1: calc_top-struct
Error (10482): VHDL error at output_pkg.vhd(17): object "RESULT_LINE" is used but not declared File: /homes/a0725146/Desktop/Git/our_calc/mycalc/src/output/output_pkg.vhd Line: 17
Error: Quartus II Analysis & Synthesis was unsuccessful. 1 error, 0 warnings
    Error: Peak virtual memory: 205 megabytes
    Error: Processing ended: Fri May 28 14:25:21 2010
    Error: Elapsed time: 00:00:04
    Error: Total CPU time (on all processors): 00:00:03


